<?xml version="1.0" encoding="UTF-8"?>
<!-- Generated by org.testng.reporters.JUnitReportReporter -->
<testsuite hostname="AIPL9262LT06088" failures="0" tests="1" name="tests.ExcelUtils" time="23.764" errors="0" timestamp="2024-12-19T10:26:43 IST" skipped="0">
  <testcase classname="tests.ExcelUtils" name="creareAccountTest" time="23.764"/>
</testsuite> <!-- tests.ExcelUtils -->
